<?xml version="1.0" encoding="UTF-8"?>
<!-- Generated by org.testng.reporters.JUnitReportReporter -->
<testsuite hostname="Sam" failures="0" tests="3" name="Test.Day3" time="0.003" errors="0" timestamp="2024-07-08T18:33:36 EDT" skipped="1">
  <testcase classname="Test.Day3" name="loginAPI" time="0.000"/>
  <testcase classname="Test.Day3" name="webLogin" time="0.003"/>
  <testcase classname="Test.Day3" name="mobileLogin">
    <skipped/>
  </testcase> <!-- mobileLogin -->
</testsuite> <!-- Test.Day3 -->
