<?xml version="1.0" encoding="UTF-8"?>
<!-- Generated by org.testng.reporters.JUnitReportReporter -->
<testsuite hostname="Sam" failures="0" tests="1" name="coreJava.PS" time="0.008" errors="0" timestamp="2024-07-09T15:10:42 EDT" skipped="0">
  <testcase classname="coreJava.PS" name="doThis" time="0.008"/>
</testsuite> <!-- coreJava.PS -->
