<?xml version="1.0" encoding="UTF-8"?>
<!-- Generated by org.testng.reporters.JUnitReportReporter -->
<testsuite hostname="Sam" failures="0" tests="2" name="Test.Day2" time="0.002" errors="0" timestamp="2024-07-08T18:33:36 EDT" skipped="0">
  <testcase classname="Test.Day2" name="helloWorld3" time="0.001"/>
  <testcase classname="Test.Day2" name="helloWorld4" time="0.001"/>
</testsuite> <!-- Test.Day2 -->
