<?xml version="1.0" encoding="UTF-8"?>
<!-- Generated by org.testng.reporters.JUnitReportReporter -->
<testsuite hostname="Sam" failures="0" tests="2" name="coreJava.PS1" time="0.014" errors="0" timestamp="2024-07-09T16:00:15 EDT" skipped="0">
  <testcase classname="coreJava.PS1" name="doThis" time="0.003"/>
  <testcase classname="coreJava.PS1" name="testRun" time="0.011"/>
</testsuite> <!-- coreJava.PS1 -->
